2020-02-29 13:33:35 method: com.wsf.source.Source.readFile(Source.java:110) - [ ERROR ]----´Ó´ÅÅÌÖĞ¶ÁÈ¡url³ö´í
2020-02-29 13:33:35 method: com.wsf.request.bean.RequestBean.call(RequestBean.java:93) - [ WARN ]----java.net.UnknownHostException: i.hduÎŞ·¨·ÃÎÊµ½ https://i.hdu
2020-02-29 13:33:47 method: com.wsf.request.bean.RequestBean.call(RequestBean.java:93) - [ WARN ]----java.net.UnknownHostException: cnÎŞ·¨·ÃÎÊµ½ https://cn/tp_up/vie
2020-02-29 13:34:51 method: com.wsf.request.bean.RequestBean.call(RequestBean.java:93) - [ WARN ]----java.net.MalformedURLException: no protocol: ç¿å¯¿å‘0æ— æ³•è®¿é—®åˆ° ç¿å¯¿å‘0
2020-02-29 13:34:52 method: com.wsf.request.bean.RequestBean.call(RequestBean.java:93) - [ WARN ]----java.net.MalformedURLException: no protocol: ç¿å¯¿å‘1æ— æ³•è®¿é—®åˆ° ç¿å¯¿å‘1
2020-02-29 13:34:53 method: com.wsf.request.bean.RequestBean.call(RequestBean.java:93) - [ WARN ]----java.net.MalformedURLException: no protocol: ç¿å¯¿å‘2æ— æ³•è®¿é—®åˆ° ç¿å¯¿å‘2
2020-02-29 13:34:54 method: com.wsf.request.bean.RequestBean.call(RequestBean.java:93) - [ WARN ]----java.net.MalformedURLException: no protocol: ç¿å¯¿å‘3æ— æ³•è®¿é—®åˆ° ç¿å¯¿å‘3
2020-02-29 13:34:55 method: com.wsf.request.bean.RequestBean.call(RequestBean.java:93) - [ WARN ]----java.net.MalformedURLException: no protocol: ç¿å¯¿å‘4æ— æ³•è®¿é—®åˆ° ç¿å¯¿å‘4
2020-02-29 13:34:56 method: com.wsf.request.bean.RequestBean.call(RequestBean.java:93) - [ WARN ]----java.net.MalformedURLException: no protocol: ç¿å¯¿å‘5æ— æ³•è®¿é—®åˆ° ç¿å¯¿å‘5
2020-02-29 13:34:57 method: com.wsf.request.bean.RequestBean.call(RequestBean.java:93) - [ WARN ]----java.net.MalformedURLException: no protocol: ç¿å¯¿å‘6æ— æ³•è®¿é—®åˆ° ç¿å¯¿å‘6
2020-02-29 13:34:58 method: com.wsf.request.bean.RequestBean.call(RequestBean.java:93) - [ WARN ]----java.net.MalformedURLException: no protocol: ç¿å¯¿å‘7æ— æ³•è®¿é—®åˆ° ç¿å¯¿å‘7
2020-02-29 13:34:59 method: com.wsf.request.bean.RequestBean.call(RequestBean.java:93) - [ WARN ]----java.net.MalformedURLException: no protocol: ç¿å¯¿å‘8æ— æ³•è®¿é—®åˆ° ç¿å¯¿å‘8
2020-02-29 13:35:00 method: com.wsf.request.bean.RequestBean.call(RequestBean.java:93) - [ WARN ]----java.net.MalformedURLException: no protocol: ç¿å¯¿å‘9æ— æ³•è®¿é—®åˆ° ç¿å¯¿å‘9
2020-02-29 13:35:01 method: com.wsf.request.bean.RequestBean.call(RequestBean.java:93) - [ WARN ]----java.net.MalformedURLException: no protocol: ç¿å¯¿å‘10æ— æ³•è®¿é—®åˆ° ç¿å¯¿å‘10
2020-02-29 13:35:02 method: com.wsf.request.bean.RequestBean.call(RequestBean.java:93) - [ WARN ]----java.net.MalformedURLException: no protocol: ç¿å¯¿å‘11æ— æ³•è®¿é—®åˆ° ç¿å¯¿å‘11
2020-02-29 13:35:03 method: com.wsf.request.bean.RequestBean.call(RequestBean.java:93) - [ WARN ]----java.net.MalformedURLException: no protocol: ç¿å¯¿å‘12æ— æ³•è®¿é—®åˆ° ç¿å¯¿å‘12
2020-02-29 13:35:04 method: com.wsf.request.bean.RequestBean.call(RequestBean.java:93) - [ WARN ]----java.net.MalformedURLException: no protocol: ç¿å¯¿å‘13æ— æ³•è®¿é—®åˆ° ç¿å¯¿å‘13
2020-02-29 13:35:05 method: com.wsf.request.bean.RequestBean.call(RequestBean.java:93) - [ WARN ]----java.net.MalformedURLException: no protocol: ç¿å¯¿å‘14æ— æ³•è®¿é—®åˆ° ç¿å¯¿å‘14
2020-02-29 13:35:06 method: com.wsf.request.bean.RequestBean.call(RequestBean.java:93) - [ WARN ]----java.net.MalformedURLException: no protocol: ç¿å¯¿å‘15æ— æ³•è®¿é—®åˆ° ç¿å¯¿å‘15
2020-02-29 13:35:07 method: com.wsf.request.bean.RequestBean.call(RequestBean.java:93) - [ WARN ]----java.net.MalformedURLException: no protocol: ç¿å¯¿å‘16æ— æ³•è®¿é—®åˆ° ç¿å¯¿å‘16
2020-02-29 13:35:08 method: com.wsf.request.bean.RequestBean.call(RequestBean.java:93) - [ WARN ]----java.net.MalformedURLException: no protocol: ç¿å¯¿å‘17æ— æ³•è®¿é—®åˆ° ç¿å¯¿å‘17
2020-02-29 13:35:09 method: com.wsf.request.bean.RequestBean.call(RequestBean.java:93) - [ WARN ]----java.net.MalformedURLException: no protocol: ç¿å¯¿å‘18æ— æ³•è®¿é—®åˆ° ç¿å¯¿å‘18
2020-02-29 13:35:10 method: com.wsf.request.bean.RequestBean.call(RequestBean.java:93) - [ WARN ]----java.net.MalformedURLException: no protocol: ç¿å¯¿å‘19æ— æ³•è®¿é—®åˆ° ç¿å¯¿å‘19
2020-02-29 13:35:11 method: com.wsf.request.bean.RequestBean.call(RequestBean.java:93) - [ WARN ]----java.net.MalformedURLException: no protocol: ç¿å¯¿å‘20æ— æ³•è®¿é—®åˆ° ç¿å¯¿å‘20
2020-02-29 13:35:17 method: com.wsf.request.bean.RequestBean.call(RequestBean.java:93) - [ WARN ]----java.net.MalformedURLException: no protocol: ç¿å¯¿å‘1001æ— æ³•è®¿é—®åˆ° ç¿å¯¿å‘1001
2020-02-29 13:35:18 method: com.wsf.request.bean.RequestBean.call(RequestBean.java:93) - [ WARN ]----java.net.MalformedURLException: no protocol: ç¿å¯¿å‘1002æ— æ³•è®¿é—®åˆ° ç¿å¯¿å‘1002
2020-02-29 13:35:19 method: com.wsf.request.bean.RequestBean.call(RequestBean.java:93) - [ WARN ]----java.net.MalformedURLException: no protocol: ç¿å¯¿å‘1003æ— æ³•è®¿é—®åˆ° ç¿å¯¿å‘1003
2020-02-29 13:35:20 method: com.wsf.request.bean.RequestBean.call(RequestBean.java:93) - [ WARN ]----java.net.MalformedURLException: no protocol: ç¿å¯¿å‘1004æ— æ³•è®¿é—®åˆ° ç¿å¯¿å‘1004
2020-02-29 13:35:21 method: com.wsf.request.bean.RequestBean.call(RequestBean.java:93) - [ WARN ]----java.net.MalformedURLException: no protocol: ç¿å¯¿å‘1005æ— æ³•è®¿é—®åˆ° ç¿å¯¿å‘1005
2020-02-29 13:35:22 method: com.wsf.request.bean.RequestBean.call(RequestBean.java:93) - [ WARN ]----java.net.MalformedURLException: no protocol: ç¿å¯¿å‘1006æ— æ³•è®¿é—®åˆ° ç¿å¯¿å‘1006
2020-02-29 13:35:23 method: com.wsf.request.bean.RequestBean.call(RequestBean.java:93) - [ WARN ]----java.net.MalformedURLException: no protocol: ç¿å¯¿å‘1007æ— æ³•è®¿é—®åˆ° ç¿å¯¿å‘1007
2020-02-29 13:35:24 method: com.wsf.request.bean.RequestBean.call(RequestBean.java:93) - [ WARN ]----java.net.MalformedURLException: no protocol: ç¿å¯¿å‘1008æ— æ³•è®¿é—®åˆ° ç¿å¯¿å‘1008
2020-02-29 14:40:47 method: com.wsf.config.Configure.<clinit>(Configure.java:139) - [ ERROR ]----åˆå§‹åŒ–èµ„æºæ± å‡ºé”™
